app/build/outputs/logs/manifest-merger-release-report.txt
-- Merging decision tree log ---
provider#android.support.v4.content.FileProvider
INJECTED from src/main/AndroidManifest.xml:33:9-41:20
	android:grantUriPermissions
		ADDED from src/main/AndroidManifest.xml:37:13-47
	android:authorities
		INJECTED from src/main/AndroidManifest.xml
		ADDED from src/main/AndroidManifest.xml:35:13-64
	android:exported
		ADDED from src/main/AndroidManifest.xml:36:13-37
	android:name
		ADDED from src/main/AndroidManifest.xml:34:13-67
manifest
ADDED from src/main/AndroidManifest.xml:2:1-45:12
INJECTED from src/main/AndroidManifest.xml:2:1-45:12
INJECTED from src/main/AndroidManifest.xml:2:1-45:12
INJECTED from src/main/AndroidManifest.xml:2:1-45:12
MERGED from [com.android.support:appcompat-v7:26.1.0] AndroidManifest.xml:17:1-31:12
MERGED from [com.android.support.constraint:constraint-layout:1.0.2] AndroidManifest.xml:2:1-11:12
MERGED from [com.tencent.bugly:crashreport_upgrade:1.3.4] AndroidManifest.xml:2:1-207:12
MERGED from [com.tencent.bugly:nativecrashreport:3.3.1] AndroidManifest.xml:2:1-9:12
MERGED from [com.android.support:animated-vector-drawable:26.1.0] AndroidManifest.xml:17:1-28:12
MERGED from [com.android.support:support-vector-drawable:26.1.0] AndroidManifest.xml:17:1-28:12
MERGED from [com.android.support:support-v4:26.1.0] AndroidManifest.xml:17:1-31:12
MERGED from [com.android.support:support-media-compat:26.1.0] AndroidManifest.xml:17:1-31:12
MERGED from [com.android.support:support-fragment:26.1.0] AndroidManifest.xml:17:1-31:12
MERGED from [com.android.support:support-core-utils:26.1.0] AndroidManifest.xml:17:1-31:12
MERGED from [com.android.support:support-core-ui:26.1.0] AndroidManifest.xml:17:1-31:12
MERGED from [com.android.support:support-compat:26.1.0] AndroidManifest.xml:17:1-31:12
MERGED from [android.arch.lifecycle:runtime:1.0.0] AndroidManifest.xml:17:1-30:12
INJECTED from src/main/AndroidManifest.xml:2:1-45:12
INJECTED from src/main/AndroidManifest.xml:2:1-45:12
INJECTED from src/main/AndroidManifest.xml:2:1-45:12
	package
		ADDED from src/main/AndroidManifest.xml:3:5-43
		INJECTED from src/main/AndroidManifest.xml
		INJECTED from src/main/AndroidManifest.xml
	android:versionName
		INJECTED from src/main/AndroidManifest.xml
		ADDED from src/main/AndroidManifest.xml:2:1-45:12
		INJECTED from src/main/AndroidManifest.xml
	android:versionCode
		INJECTED from src/main/AndroidManifest.xml
		ADDED from src/main/AndroidManifest.xml:2:1-45:12
		INJECTED from src/main/AndroidManifest.xml
	xmlns:android
		ADDED from src/main/AndroidManifest.xml:2:11-69
uses-permission#android.permission.READ_PHONE_STATE
ADDED from src/main/AndroidManifest.xml:5:5-75
MERGED from [com.tencent.bugly:crashreport_upgrade:1.3.4] AndroidManifest.xml:11:5-75
MERGED from [com.tencent.bugly:crashreport_upgrade:1.3.4] AndroidManifest.xml:11:5-75
	android:name
		ADDED from src/main/AndroidManifest.xml:5:22-72
uses-permission#android.permission.INTERNET
ADDED from src/main/AndroidManifest.xml:6:5-67
MERGED from [com.tencent.bugly:crashreport_upgrade:1.3.4] AndroidManifest.xml:12:5-67
MERGED from [com.tencent.bugly:crashreport_upgrade:1.3.4] AndroidManifest.xml:12:5-67
	android:name
		ADDED from src/main/AndroidManifest.xml:6:22-64
uses-permission#android.permission.ACCESS_NETWORK_STATE
ADDED from src/main/AndroidManifest.xml:7:5-79
MERGED from [com.tencent.bugly:crashreport_upgrade:1.3.4] AndroidManifest.xml:13:5-79
MERGED from [com.tencent.bugly:crashreport_upgrade:1.3.4] AndroidManifest.xml:13:5-79
	android:name
		ADDED from src/main/AndroidManifest.xml:7:22-76
uses-permission#android.permission.ACCESS_WIFI_STATE
ADDED from src/main/AndroidManifest.xml:8:5-76
MERGED from [com.tencent.bugly:crashreport_upgrade:1.3.4] AndroidManifest.xml:14:5-76
MERGED from [com.tencent.bugly:crashreport_upgrade:1.3.4] AndroidManifest.xml:14:5-76
	android:name
		ADDED from src/main/AndroidManifest.xml:8:22-73
uses-permission#android.permission.READ_LOGS
ADDED from src/main/AndroidManifest.xml:9:5-68
MERGED from [com.tencent.bugly:crashreport_upgrade:1.3.4] AndroidManifest.xml:15:5-68
MERGED from [com.tencent.bugly:crashreport_upgrade:1.3.4] AndroidManifest.xml:15:5-68
	android:name
		ADDED from src/main/AndroidManifest.xml:9:22-65
uses-permission#android.permission.WRITE_EXTERNAL_STORAGE
ADDED from src/main/AndroidManifest.xml:10:5-81
MERGED from [com.tencent.bugly:crashreport_upgrade:1.3.4] AndroidManifest.xml:16:5-81
MERGED from [com.tencent.bugly:crashreport_upgrade:1.3.4] AndroidManifest.xml:16:5-81
	android:name
		ADDED from src/main/AndroidManifest.xml:10:22-78
application
ADDED from src/main/AndroidManifest.xml:12:5-43:19
MERGED from [com.android.support:appcompat-v7:26.1.0] AndroidManifest.xml:25:5-29:19
MERGED from [com.android.support:appcompat-v7:26.1.0] AndroidManifest.xml:25:5-29:19
MERGED from [com.android.support.constraint:constraint-layout:1.0.2] AndroidManifest.xml:9:5-20
MERGED from [com.android.support.constraint:constraint-layout:1.0.2] AndroidManifest.xml:9:5-20
MERGED from [com.tencent.bugly:crashreport_upgrade:1.3.4] AndroidManifest.xml:19:5-205:19
MERGED from [com.tencent.bugly:crashreport_upgrade:1.3.4] AndroidManifest.xml:19:5-205:19
MERGED from [com.android.support:animated-vector-drawable:26.1.0] AndroidManifest.xml:22:5-26:19
MERGED from [com.android.support:animated-vector-drawable:26.1.0] AndroidManifest.xml:22:5-26:19
MERGED from [com.android.support:support-vector-drawable:26.1.0] AndroidManifest.xml:22:5-26:19
MERGED from [com.android.support:support-vector-drawable:26.1.0] AndroidManifest.xml:22:5-26:19
MERGED from [com.android.support:support-v4:26.1.0] AndroidManifest.xml:25:5-29:19
MERGED from [com.android.support:support-v4:26.1.0] AndroidManifest.xml:25:5-29:19
MERGED from [com.android.support:support-media-compat:26.1.0] AndroidManifest.xml:25:5-29:19
MERGED from [com.android.support:support-media-compat:26.1.0] AndroidManifest.xml:25:5-29:19
MERGED from [com.android.support:support-fragment:26.1.0] AndroidManifest.xml:25:5-29:19
MERGED from [com.android.support:support-fragment:26.1.0] AndroidManifest.xml:25:5-29:19
MERGED from [com.android.support:support-core-utils:26.1.0] AndroidManifest.xml:25:5-29:19
MERGED from [com.android.support:support-core-utils:26.1.0] AndroidManifest.xml:25:5-29:19
MERGED from [com.android.support:support-core-ui:26.1.0] AndroidManifest.xml:25:5-29:19
MERGED from [com.android.support:support-core-ui:26.1.0] AndroidManifest.xml:25:5-29:19
MERGED from [com.android.support:support-compat:26.1.0] AndroidManifest.xml:25:5-29:19
MERGED from [com.android.support:support-compat:26.1.0] AndroidManifest.xml:25:5-29:19
MERGED from [android.arch.lifecycle:runtime:1.0.0] AndroidManifest.xml:24:5-28:19
MERGED from [android.arch.lifecycle:runtime:1.0.0] AndroidManifest.xml:24:5-28:19
	android:supportsRtl
		ADDED from src/main/AndroidManifest.xml:18:9-35
	android:label
		ADDED from src/main/AndroidManifest.xml:16:9-41
	android:roundIcon
		ADDED from src/main/AndroidManifest.xml:17:9-54
	android:icon
		ADDED from src/main/AndroidManifest.xml:15:9-43
	android:allowBackup
		ADDED from src/main/AndroidManifest.xml:14:9-35
	android:theme
		ADDED from src/main/AndroidManifest.xml:19:9-40
	android:name
		ADDED from src/main/AndroidManifest.xml:13:9-38
activity#com.exe.mark.mytinkerexedemo.MainActivity
ADDED from src/main/AndroidManifest.xml:20:9-26:20
	android:name
		ADDED from src/main/AndroidManifest.xml:20:19-47
intent-filter#android.intent.action.MAIN+android.intent.category.LAUNCHER
ADDED from src/main/AndroidManifest.xml:21:13-25:29
action#android.intent.action.MAIN
ADDED from src/main/AndroidManifest.xml:22:17-69
	android:name
		ADDED from src/main/AndroidManifest.xml:22:25-66
category#android.intent.category.LAUNCHER
ADDED from src/main/AndroidManifest.xml:24:17-77
	android:name
		ADDED from src/main/AndroidManifest.xml:24:27-74
activity#com.tencent.bugly.beta.ui.BetaActivity
ADDED from src/main/AndroidManifest.xml:28:9-31:64
MERGED from [com.tencent.bugly:crashreport_upgrade:1.3.4] AndroidManifest.xml:22:9-26:56
MERGED from [com.tencent.bugly:crashreport_upgrade:1.3.4] AndroidManifest.xml:22:9-26:56
	android:configChanges
		ADDED from src/main/AndroidManifest.xml:30:13-81
	android:theme
		ADDED from src/main/AndroidManifest.xml:31:13-61
	tools:replace
		ADDED from [com.tencent.bugly:crashreport_upgrade:1.3.4] AndroidManifest.xml:26:13-53
	android:name
		ADDED from src/main/AndroidManifest.xml:29:13-66
uses-sdk
INJECTED from src/main/AndroidManifest.xml reason: use-sdk injection requested
INJECTED from src/main/AndroidManifest.xml
INJECTED from src/main/AndroidManifest.xml
MERGED from [com.android.support:appcompat-v7:26.1.0] AndroidManifest.xml:21:5-23:78
MERGED from [com.android.support:appcompat-v7:26.1.0] AndroidManifest.xml:21:5-23:78
MERGED from [com.android.support.constraint:constraint-layout:1.0.2] AndroidManifest.xml:5:5-7:41
MERGED from [com.android.support.constraint:constraint-layout:1.0.2] AndroidManifest.xml:5:5-7:41
MERGED from [com.tencent.bugly:crashreport_upgrade:1.3.4] AndroidManifest.xml:6:5-8:41
MERGED from [com.tencent.bugly:crashreport_upgrade:1.3.4] AndroidManifest.xml:6:5-8:41
MERGED from [com.tencent.bugly:nativecrashreport:3.3.1] AndroidManifest.xml:5:5-7:41
MERGED from [com.tencent.bugly:nativecrashreport:3.3.1] AndroidManifest.xml:5:5-7:41
MERGED from [com.android.support:animated-vector-drawable:26.1.0] AndroidManifest.xml:20:5-44
MERGED from [com.android.support:animated-vector-drawable:26.1.0] AndroidManifest.xml:20:5-44
MERGED from [com.android.support:support-vector-drawable:26.1.0] AndroidManifest.xml:20:5-44
MERGED from [com.android.support:support-vector-drawable:26.1.0] AndroidManifest.xml:20:5-44
MERGED from [com.android.support:support-v4:26.1.0] AndroidManifest.xml:21:5-23:54
MERGED from [com.android.support:support-v4:26.1.0] AndroidManifest.xml:21:5-23:54
MERGED from [com.android.support:support-media-compat:26.1.0] AndroidManifest.xml:21:5-23:63
MERGED from [com.android.support:support-media-compat:26.1.0] AndroidManifest.xml:21:5-23:63
MERGED from [com.android.support:support-fragment:26.1.0] AndroidManifest.xml:21:5-23:60
MERGED from [com.android.support:support-fragment:26.1.0] AndroidManifest.xml:21:5-23:60
MERGED from [com.android.support:support-core-utils:26.1.0] AndroidManifest.xml:21:5-23:61
MERGED from [com.android.support:support-core-utils:26.1.0] AndroidManifest.xml:21:5-23:61
MERGED from [com.android.support:support-core-ui:26.1.0] AndroidManifest.xml:21:5-23:58
MERGED from [com.android.support:support-core-ui:26.1.0] AndroidManifest.xml:21:5-23:58
MERGED from [com.android.support:support-compat:26.1.0] AndroidManifest.xml:21:5-23:58
MERGED from [com.android.support:support-compat:26.1.0] AndroidManifest.xml:21:5-23:58
MERGED from [android.arch.lifecycle:runtime:1.0.0] AndroidManifest.xml:20:5-22:41
MERGED from [android.arch.lifecycle:runtime:1.0.0] AndroidManifest.xml:20:5-22:41
INJECTED from src/main/AndroidManifest.xml
INJECTED from src/main/AndroidManifest.xml
	tools:overrideLibrary
		ADDED from [com.android.support:appcompat-v7:26.1.0] AndroidManifest.xml:23:9-75
	android:targetSdkVersion
		INJECTED from src/main/AndroidManifest.xml
		ADDED from src/main/AndroidManifest.xml
		INJECTED from src/main/AndroidManifest.xml
	android:minSdkVersion
		INJECTED from src/main/AndroidManifest.xml
		ADDED from src/main/AndroidManifest.xml
		INJECTED from src/main/AndroidManifest.xml
meta-data#android.support.FILE_PROVIDER_PATHS
ADDED from src/main/AndroidManifest.xml:38:13-40:57
	android:resource
		ADDED from src/main/AndroidManifest.xml:40:17-55
	android:name
		ADDED from src/main/AndroidManifest.xml:39:17-67
meta-data#android.support.VERSION
ADDED from [com.android.support:appcompat-v7:26.1.0] AndroidManifest.xml:26:9-28:38
MERGED from [com.android.support:animated-vector-drawable:26.1.0] AndroidManifest.xml:23:9-25:38
MERGED from [com.android.support:animated-vector-drawable:26.1.0] AndroidManifest.xml:23:9-25:38
MERGED from [com.android.support:support-vector-drawable:26.1.0] AndroidManifest.xml:23:9-25:38
MERGED from [com.android.support:support-vector-drawable:26.1.0] AndroidManifest.xml:23:9-25:38
MERGED from [com.android.support:support-v4:26.1.0] AndroidManifest.xml:26:9-28:38
MERGED from [com.android.support:support-v4:26.1.0] AndroidManifest.xml:26:9-28:38
MERGED from [com.android.support:support-media-compat:26.1.0] AndroidManifest.xml:26:9-28:38
MERGED from [com.android.support:support-media-compat:26.1.0] AndroidManifest.xml:26:9-28:38
MERGED from [com.android.support:support-fragment:26.1.0] AndroidManifest.xml:26:9-28:38
MERGED from [com.android.support:support-fragment:26.1.0] AndroidManifest.xml:26:9-28:38
MERGED from [com.android.support:support-core-utils:26.1.0] AndroidManifest.xml:26:9-28:38
MERGED from [com.android.support:support-core-utils:26.1.0] AndroidManifest.xml:26:9-28:38
MERGED from [com.android.support:support-core-ui:26.1.0] AndroidManifest.xml:26:9-28:38
MERGED from [com.android.support:support-core-ui:26.1.0] AndroidManifest.xml:26:9-28:38
MERGED from [com.android.support:support-compat:26.1.0] AndroidManifest.xml:26:9-28:38
MERGED from [com.android.support:support-compat:26.1.0] AndroidManifest.xml:26:9-28:38
	android:value
		ADDED from [com.android.support:appcompat-v7:26.1.0] AndroidManifest.xml:28:13-35
	android:name
		ADDED from [com.android.support:appcompat-v7:26.1.0] AndroidManifest.xml:27:13-51
provider#com.tencent.bugly.beta.utils.BuglyFileProvider
ADDED from [com.tencent.bugly:crashreport_upgrade:1.3.4] AndroidManifest.xml:28:9-38:20
	android:grantUriPermissions
		ADDED from [com.tencent.bugly:crashreport_upgrade:1.3.4] AndroidManifest.xml:32:13-47
	android:authorities
		ADDED from [com.tencent.bugly:crashreport_upgrade:1.3.4] AndroidManifest.xml:30:13-64
	android:exported
		ADDED from [com.tencent.bugly:crashreport_upgrade:1.3.4] AndroidManifest.xml:31:13-37
	tools:replace
		ADDED from [com.tencent.bugly:crashreport_upgrade:1.3.4] AndroidManifest.xml:33:13-74
	android:name
		ADDED from [com.tencent.bugly:crashreport_upgrade:1.3.4] AndroidManifest.xml:29:13-74
service#com.tencent.bugly.beta.tinker.TinkerResultService
ADDED from [com.tencent.bugly:crashreport_upgrade:1.3.4] AndroidManifest.xml:40:9-42:40
	android:exported
		ADDED from [com.tencent.bugly:crashreport_upgrade:1.3.4] AndroidManifest.xml:42:13-37
	android:name
		ADDED from [com.tencent.bugly:crashreport_upgrade:1.3.4] AndroidManifest.xml:41:13-77
activity#com.tencent.tinker.loader.hotplug.ActivityStubs$STDStub_00
ADDED from [com.tencent.bugly:crashreport_upgrade:1.3.4] AndroidManifest.xml:44:9-95
	android:name
		ADDED from [com.tencent.bugly:crashreport_upgrade:1.3.4] AndroidManifest.xml:44:19-92
activity#com.tencent.tinker.loader.hotplug.ActivityStubs$STDStub_01
ADDED from [com.tencent.bugly:crashreport_upgrade:1.3.4] AndroidManifest.xml:45:9-95
	android:name
		ADDED from [com.tencent.bugly:crashreport_upgrade:1.3.4] AndroidManifest.xml:45:19-92
activity#com.tencent.tinker.loader.hotplug.ActivityStubs$STDStub_02
ADDED from [com.tencent.bugly:crashreport_upgrade:1.3.4] AndroidManifest.xml:46:9-95
	android:name
		ADDED from [com.tencent.bugly:crashreport_upgrade:1.3.4] AndroidManifest.xml:46:19-92
activity#com.tencent.tinker.loader.hotplug.ActivityStubs$STDStub_03
ADDED from [com.tencent.bugly:crashreport_upgrade:1.3.4] AndroidManifest.xml:47:9-95
	android:name
		ADDED from [com.tencent.bugly:crashreport_upgrade:1.3.4] AndroidManifest.xml:47:19-92
activity#com.tencent.tinker.loader.hotplug.ActivityStubs$STDStub_04
ADDED from [com.tencent.bugly:crashreport_upgrade:1.3.4] AndroidManifest.xml:48:9-95
	android:name
		ADDED from [com.tencent.bugly:crashreport_upgrade:1.3.4] AndroidManifest.xml:48:19-92
activity#com.tencent.tinker.loader.hotplug.ActivityStubs$STDStub_05
ADDED from [com.tencent.bugly:crashreport_upgrade:1.3.4] AndroidManifest.xml:49:9-95
	android:name
		ADDED from [com.tencent.bugly:crashreport_upgrade:1.3.4] AndroidManifest.xml:49:19-92
activity#com.tencent.tinker.loader.hotplug.ActivityStubs$STDStub_06
ADDED from [com.tencent.bugly:crashreport_upgrade:1.3.4] AndroidManifest.xml:50:9-95
	android:name
		ADDED from [com.tencent.bugly:crashreport_upgrade:1.3.4] AndroidManifest.xml:50:19-92
activity#com.tencent.tinker.loader.hotplug.ActivityStubs$STDStub_07
ADDED from [com.tencent.bugly:crashreport_upgrade:1.3.4] AndroidManifest.xml:51:9-95
	android:name
		ADDED from [com.tencent.bugly:crashreport_upgrade:1.3.4] AndroidManifest.xml:51:19-92
activity#com.tencent.tinker.loader.hotplug.ActivityStubs$STDStub_08
ADDED from [com.tencent.bugly:crashreport_upgrade:1.3.4] AndroidManifest.xml:52:9-95
	android:name
		ADDED from [com.tencent.bugly:crashreport_upgrade:1.3.4] AndroidManifest.xml:52:19-92
activity#com.tencent.tinker.loader.hotplug.ActivityStubs$STDStub_09
ADDED from [com.tencent.bugly:crashreport_upgrade:1.3.4] AndroidManifest.xml:53:9-95
	android:name
		ADDED from [com.tencent.bugly:crashreport_upgrade:1.3.4] AndroidManifest.xml:53:19-92
activity#com.tencent.tinker.loader.hotplug.ActivityStubs$STDStub_00_T
ADDED from [com.tencent.bugly:crashreport_upgrade:1.3.4] AndroidManifest.xml:54:9-56:64
	android:theme
		ADDED from [com.tencent.bugly:crashreport_upgrade:1.3.4] AndroidManifest.xml:56:13-61
	android:name
		ADDED from [com.tencent.bugly:crashreport_upgrade:1.3.4] AndroidManifest.xml:55:13-88
activity#com.tencent.tinker.loader.hotplug.ActivityStubs$STDStub_01_T
ADDED from [com.tencent.bugly:crashreport_upgrade:1.3.4] AndroidManifest.xml:57:9-59:64
	android:theme
		ADDED from [com.tencent.bugly:crashreport_upgrade:1.3.4] AndroidManifest.xml:59:13-61
	android:name
		ADDED from [com.tencent.bugly:crashreport_upgrade:1.3.4] AndroidManifest.xml:58:13-88
activity#com.tencent.tinker.loader.hotplug.ActivityStubs$STDStub_02_T
ADDED from [com.tencent.bugly:crashreport_upgrade:1.3.4] AndroidManifest.xml:60:9-62:64
	android:theme
		ADDED from [com.tencent.bugly:crashreport_upgrade:1.3.4] AndroidManifest.xml:62:13-61
	android:name
		ADDED from [com.tencent.bugly:crashreport_upgrade:1.3.4] AndroidManifest.xml:61:13-88
activity#com.tencent.tinker.loader.hotplug.ActivityStubs$SGTStub_00
ADDED from [com.tencent.bugly:crashreport_upgrade:1.3.4] AndroidManifest.xml:63:9-65:46
	android:launchMode
		ADDED from [com.tencent.bugly:crashreport_upgrade:1.3.4] AndroidManifest.xml:65:13-43
	android:name
		ADDED from [com.tencent.bugly:crashreport_upgrade:1.3.4] AndroidManifest.xml:64:13-86
activity#com.tencent.tinker.loader.hotplug.ActivityStubs$SGTStub_01
ADDED from [com.tencent.bugly:crashreport_upgrade:1.3.4] AndroidManifest.xml:66:9-68:46
	android:launchMode
		ADDED from [com.tencent.bugly:crashreport_upgrade:1.3.4] AndroidManifest.xml:68:13-43
	android:name
		ADDED from [com.tencent.bugly:crashreport_upgrade:1.3.4] AndroidManifest.xml:67:13-86
activity#com.tencent.tinker.loader.hotplug.ActivityStubs$SGTStub_02
ADDED from [com.tencent.bugly:crashreport_upgrade:1.3.4] AndroidManifest.xml:69:9-71:46
	android:launchMode
		ADDED from [com.tencent.bugly:crashreport_upgrade:1.3.4] AndroidManifest.xml:71:13-43
	android:name
		ADDED from [com.tencent.bugly:crashreport_upgrade:1.3.4] AndroidManifest.xml:70:13-86
activity#com.tencent.tinker.loader.hotplug.ActivityStubs$SGTStub_03
ADDED from [com.tencent.bugly:crashreport_upgrade:1.3.4] AndroidManifest.xml:72:9-74:46
	android:launchMode
		ADDED from [com.tencent.bugly:crashreport_upgrade:1.3.4] AndroidManifest.xml:74:13-43
	android:name
		ADDED from [com.tencent.bugly:crashreport_upgrade:1.3.4] AndroidManifest.xml:73:13-86
activity#com.tencent.tinker.loader.hotplug.ActivityStubs$SGTStub_04
ADDED from [com.tencent.bugly:crashreport_upgrade:1.3.4] AndroidManifest.xml:75:9-77:46
	android:launchMode
		ADDED from [com.tencent.bugly:crashreport_upgrade:1.3.4] AndroidManifest.xml:77:13-43
	android:name
		ADDED from [com.tencent.bugly:crashreport_upgrade:1.3.4] AndroidManifest.xml:76:13-86
activity#com.tencent.tinker.loader.hotplug.ActivityStubs$SGTStub_05
ADDED from [com.tencent.bugly:crashreport_upgrade:1.3.4] AndroidManifest.xml:78:9-80:46
	android:launchMode
		ADDED from [com.tencent.bugly:crashreport_upgrade:1.3.4] AndroidManifest.xml:80:13-43
	android:name
		ADDED from [com.tencent.bugly:crashreport_upgrade:1.3.4] AndroidManifest.xml:79:13-86
activity#com.tencent.tinker.loader.hotplug.ActivityStubs$SGTStub_06
ADDED from [com.tencent.bugly:crashreport_upgrade:1.3.4] AndroidManifest.xml:81:9-83:46
	android:launchMode
		ADDED from [com.tencent.bugly:crashreport_upgrade:1.3.4] AndroidManifest.xml:83:13-43
	android:name
		ADDED from [com.tencent.bugly:crashreport_upgrade:1.3.4] AndroidManifest.xml:82:13-86
activity#com.tencent.tinker.loader.hotplug.ActivityStubs$SGTStub_07
ADDED from [com.tencent.bugly:crashreport_upgrade:1.3.4] AndroidManifest.xml:84:9-86:46
	android:launchMode
		ADDED from [com.tencent.bugly:crashreport_upgrade:1.3.4] AndroidManifest.xml:86:13-43
	android:name
		ADDED from [com.tencent.bugly:crashreport_upgrade:1.3.4] AndroidManifest.xml:85:13-86
activity#com.tencent.tinker.loader.hotplug.ActivityStubs$SGTStub_08
ADDED from [com.tencent.bugly:crashreport_upgrade:1.3.4] AndroidManifest.xml:87:9-89:46
	android:launchMode
		ADDED from [com.tencent.bugly:crashreport_upgrade:1.3.4] AndroidManifest.xml:89:13-43
	android:name
		ADDED from [com.tencent.bugly:crashreport_upgrade:1.3.4] AndroidManifest.xml:88:13-86
activity#com.tencent.tinker.loader.hotplug.ActivityStubs$SGTStub_09
ADDED from [com.tencent.bugly:crashreport_upgrade:1.3.4] AndroidManifest.xml:90:9-92:46
	android:launchMode
		ADDED from [com.tencent.bugly:crashreport_upgrade:1.3.4] AndroidManifest.xml:92:13-43
	android:name
		ADDED from [com.tencent.bugly:crashreport_upgrade:1.3.4] AndroidManifest.xml:91:13-86
activity#com.tencent.tinker.loader.hotplug.ActivityStubs$SGTStub_00_T
ADDED from [com.tencent.bugly:crashreport_upgrade:1.3.4] AndroidManifest.xml:93:9-96:64
	android:launchMode
		ADDED from [com.tencent.bugly:crashreport_upgrade:1.3.4] AndroidManifest.xml:95:13-43
	android:theme
		ADDED from [com.tencent.bugly:crashreport_upgrade:1.3.4] AndroidManifest.xml:96:13-61
	android:name
		ADDED from [com.tencent.bugly:crashreport_upgrade:1.3.4] AndroidManifest.xml:94:13-88
activity#com.tencent.tinker.loader.hotplug.ActivityStubs$SGTStub_01_T
ADDED from [com.tencent.bugly:crashreport_upgrade:1.3.4] AndroidManifest.xml:97:9-100:64
	android:launchMode
		ADDED from [com.tencent.bugly:crashreport_upgrade:1.3.4] AndroidManifest.xml:99:13-43
	android:theme
		ADDED from [com.tencent.bugly:crashreport_upgrade:1.3.4] AndroidManifest.xml:100:13-61
	android:name
		ADDED from [com.tencent.bugly:crashreport_upgrade:1.3.4] AndroidManifest.xml:98:13-88
activity#com.tencent.tinker.loader.hotplug.ActivityStubs$SGTStub_02_T
ADDED from [com.tencent.bugly:crashreport_upgrade:1.3.4] AndroidManifest.xml:101:9-104:64
	android:launchMode
		ADDED from [com.tencent.bugly:crashreport_upgrade:1.3.4] AndroidManifest.xml:103:13-43
	android:theme
		ADDED from [com.tencent.bugly:crashreport_upgrade:1.3.4] AndroidManifest.xml:104:13-61
	android:name
		ADDED from [com.tencent.bugly:crashreport_upgrade:1.3.4] AndroidManifest.xml:102:13-88
activity#com.tencent.tinker.loader.hotplug.ActivityStubs$SGTKStub_00
ADDED from [com.tencent.bugly:crashreport_upgrade:1.3.4] AndroidManifest.xml:105:9-107:47
	android:launchMode
		ADDED from [com.tencent.bugly:crashreport_upgrade:1.3.4] AndroidManifest.xml:107:13-44
	android:name
		ADDED from [com.tencent.bugly:crashreport_upgrade:1.3.4] AndroidManifest.xml:106:13-87
activity#com.tencent.tinker.loader.hotplug.ActivityStubs$SGTKStub_01
ADDED from [com.tencent.bugly:crashreport_upgrade:1.3.4] AndroidManifest.xml:108:9-110:47
	android:launchMode
		ADDED from [com.tencent.bugly:crashreport_upgrade:1.3.4] AndroidManifest.xml:110:13-44
	android:name
		ADDED from [com.tencent.bugly:crashreport_upgrade:1.3.4] AndroidManifest.xml:109:13-87
activity#com.tencent.tinker.loader.hotplug.ActivityStubs$SGTKStub_02
ADDED from [com.tencent.bugly:crashreport_upgrade:1.3.4] AndroidManifest.xml:111:9-113:47
	android:launchMode
		ADDED from [com.tencent.bugly:crashreport_upgrade:1.3.4] AndroidManifest.xml:113:13-44
	android:name
		ADDED from [com.tencent.bugly:crashreport_upgrade:1.3.4] AndroidManifest.xml:112:13-87
activity#com.tencent.tinker.loader.hotplug.ActivityStubs$SGTKStub_03
ADDED from [com.tencent.bugly:crashreport_upgrade:1.3.4] AndroidManifest.xml:114:9-116:47
	android:launchMode
		ADDED from [com.tencent.bugly:crashreport_upgrade:1.3.4] AndroidManifest.xml:116:13-44
	android:name
		ADDED from [com.tencent.bugly:crashreport_upgrade:1.3.4] AndroidManifest.xml:115:13-87
activity#com.tencent.tinker.loader.hotplug.ActivityStubs$SGTKStub_04
ADDED from [com.tencent.bugly:crashreport_upgrade:1.3.4] AndroidManifest.xml:117:9-119:47
	android:launchMode
		ADDED from [com.tencent.bugly:crashreport_upgrade:1.3.4] AndroidManifest.xml:119:13-44
	android:name
		ADDED from [com.tencent.bugly:crashreport_upgrade:1.3.4] AndroidManifest.xml:118:13-87
activity#com.tencent.tinker.loader.hotplug.ActivityStubs$SGTKStub_05
ADDED from [com.tencent.bugly:crashreport_upgrade:1.3.4] AndroidManifest.xml:120:9-122:47
	android:launchMode
		ADDED from [com.tencent.bugly:crashreport_upgrade:1.3.4] AndroidManifest.xml:122:13-44
	android:name
		ADDED from [com.tencent.bugly:crashreport_upgrade:1.3.4] AndroidManifest.xml:121:13-87
activity#com.tencent.tinker.loader.hotplug.ActivityStubs$SGTKStub_06
ADDED from [com.tencent.bugly:crashreport_upgrade:1.3.4] AndroidManifest.xml:123:9-125:47
	android:launchMode
		ADDED from [com.tencent.bugly:crashreport_upgrade:1.3.4] AndroidManifest.xml:125:13-44
	android:name
		ADDED from [com.tencent.bugly:crashreport_upgrade:1.3.4] AndroidManifest.xml:124:13-87
activity#com.tencent.tinker.loader.hotplug.ActivityStubs$SGTKStub_07
ADDED from [com.tencent.bugly:crashreport_upgrade:1.3.4] AndroidManifest.xml:126:9-128:47
	android:launchMode
		ADDED from [com.tencent.bugly:crashreport_upgrade:1.3.4] AndroidManifest.xml:128:13-44
	android:name
		ADDED from [com.tencent.bugly:crashreport_upgrade:1.3.4] AndroidManifest.xml:127:13-87
activity#com.tencent.tinker.loader.hotplug.ActivityStubs$SGTKStub_08
ADDED from [com.tencent.bugly:crashreport_upgrade:1.3.4] AndroidManifest.xml:129:9-131:47
	android:launchMode
		ADDED from [com.tencent.bugly:crashreport_upgrade:1.3.4] AndroidManifest.xml:131:13-44
	android:name
		ADDED from [com.tencent.bugly:crashreport_upgrade:1.3.4] AndroidManifest.xml:130:13-87
activity#com.tencent.tinker.loader.hotplug.ActivityStubs$SGTKStub_09
ADDED from [com.tencent.bugly:crashreport_upgrade:1.3.4] AndroidManifest.xml:132:9-134:47
	android:launchMode
		ADDED from [com.tencent.bugly:crashreport_upgrade:1.3.4] AndroidManifest.xml:134:13-44
	android:name
		ADDED from [com.tencent.bugly:crashreport_upgrade:1.3.4] AndroidManifest.xml:133:13-87
activity#com.tencent.tinker.loader.hotplug.ActivityStubs$SGTKStub_00_T
ADDED from [com.tencent.bugly:crashreport_upgrade:1.3.4] AndroidManifest.xml:135:9-138:64
	android:launchMode
		ADDED from [com.tencent.bugly:crashreport_upgrade:1.3.4] AndroidManifest.xml:137:13-44
	android:theme
		ADDED from [com.tencent.bugly:crashreport_upgrade:1.3.4] AndroidManifest.xml:138:13-61
	android:name
		ADDED from [com.tencent.bugly:crashreport_upgrade:1.3.4] AndroidManifest.xml:136:13-89
activity#com.tencent.tinker.loader.hotplug.ActivityStubs$SGTKStub_01_T
ADDED from [com.tencent.bugly:crashreport_upgrade:1.3.4] AndroidManifest.xml:139:9-142:64
	android:launchMode
		ADDED from [com.tencent.bugly:crashreport_upgrade:1.3.4] AndroidManifest.xml:141:13-44
	android:theme
		ADDED from [com.tencent.bugly:crashreport_upgrade:1.3.4] AndroidManifest.xml:142:13-61
	android:name
		ADDED from [com.tencent.bugly:crashreport_upgrade:1.3.4] AndroidManifest.xml:140:13-89
activity#com.tencent.tinker.loader.hotplug.ActivityStubs$SGTKStub_02_T
ADDED from [com.tencent.bugly:crashreport_upgrade:1.3.4] AndroidManifest.xml:143:9-146:64
	android:launchMode
		ADDED from [com.tencent.bugly:crashreport_upgrade:1.3.4] AndroidManifest.xml:145:13-44
	android:theme
		ADDED from [com.tencent.bugly:crashreport_upgrade:1.3.4] AndroidManifest.xml:146:13-61
	android:name
		ADDED from [com.tencent.bugly:crashreport_upgrade:1.3.4] AndroidManifest.xml:144:13-89
activity#com.tencent.tinker.loader.hotplug.ActivityStubs$SIStub_00
ADDED from [com.tencent.bugly:crashreport_upgrade:1.3.4] AndroidManifest.xml:147:9-149:51
	android:launchMode
		ADDED from [com.tencent.bugly:crashreport_upgrade:1.3.4] AndroidManifest.xml:149:13-48
	android:name
		ADDED from [com.tencent.bugly:crashreport_upgrade:1.3.4] AndroidManifest.xml:148:13-85
activity#com.tencent.tinker.loader.hotplug.ActivityStubs$SIStub_01
ADDED from [com.tencent.bugly:crashreport_upgrade:1.3.4] AndroidManifest.xml:150:9-152:51
	android:launchMode
		ADDED from [com.tencent.bugly:crashreport_upgrade:1.3.4] AndroidManifest.xml:152:13-48
	android:name
		ADDED from [com.tencent.bugly:crashreport_upgrade:1.3.4] AndroidManifest.xml:151:13-85
activity#com.tencent.tinker.loader.hotplug.ActivityStubs$SIStub_02
ADDED from [com.tencent.bugly:crashreport_upgrade:1.3.4] AndroidManifest.xml:153:9-155:51
	android:launchMode
		ADDED from [com.tencent.bugly:crashreport_upgrade:1.3.4] AndroidManifest.xml:155:13-48
	android:name
		ADDED from [com.tencent.bugly:crashreport_upgrade:1.3.4] AndroidManifest.xml:154:13-85
activity#com.tencent.tinker.loader.hotplug.ActivityStubs$SIStub_03
ADDED from [com.tencent.bugly:crashreport_upgrade:1.3.4] AndroidManifest.xml:156:9-158:51
	android:launchMode
		ADDED from [com.tencent.bugly:crashreport_upgrade:1.3.4] AndroidManifest.xml:158:13-48
	android:name
		ADDED from [com.tencent.bugly:crashreport_upgrade:1.3.4] AndroidManifest.xml:157:13-85
activity#com.tencent.tinker.loader.hotplug.ActivityStubs$SIStub_04
ADDED from [com.tencent.bugly:crashreport_upgrade:1.3.4] AndroidManifest.xml:159:9-161:51
	android:launchMode